<?xml version="1.0" encoding="utf-8"?><testsuites name="pytest tests"><testsuite name="pytest" errors="0" failures="0" skipped="0" tests="20" time="86.732" timestamp="2026-05-01T18:11:12.521387+00:00" hostname="agent-env-9bc86903-4770-474e-9b0e-a4852fc823bd"><testcase classname="backend.tests.backend_test.TestHealth" name="test_health" time="0.257" /><testcase classname="backend.tests.backend_test.TestTranslate" name="test_translate_single_language" time="1.960" /><testcase classname="backend.tests.backend_test.TestTranslate" name="test_translate_all_languages_default" time="3.845" /><testcase classname="backend.tests.backend_test.TestTranslate" name="test_translate_empty_text_returns_400" time="0.081" /><testcase classname="backend.tests.backend_test.TestTranslate" name="test_translate_missing_text_returns_422" time="0.110" /><testcase classname="backend.tests.backend_test.TestHistory" name="test_history_contains_recent" time="0.080" /><testcase classname="backend.tests.backend_test.TestFeedback" name="test_feedback_thumbs_up" time="0.192" /><testcase classname="backend.tests.backend_test.TestFeedback" name="test_feedback_negative_without_correction_returns_400" time="0.073" /><testcase classname="backend.tests.backend_test.TestFeedback" name="test_feedback_nonexistent_item_returns_404" time="0.073" /><testcase classname="backend.tests.backend_test.TestFeedback" name="test_feedback_v2_alias" time="1.875" /><testcase classname="backend.tests.backend_test.TestCorrectionsLearning" name="test_negative_feedback_saves_correction_and_reapplies" time="1.730" /><testcase classname="backend.tests.backend_test.TestTranscribe" name="test_transcribe_missing_audio_returns_422" time="0.200" /><testcase classname="backend.tests.backend_test.TestTranscribe" name="test_transcribe_empty_audio_returns_400" time="0.124" /><testcase classname="backend.tests.backend_test.TestOfflineMode" name="test_offline_status" time="3.874" /><testcase classname="backend.tests.backend_test.TestOfflineMode" name="test_offline_warmup_idempotent" time="0.077" /><testcase classname="backend.tests.backend_test.TestOfflineMode" name="test_offline_translate_english" time="15.768" /><testcase classname="backend.tests.backend_test.TestOfflineMode" name="test_offline_translate_all_three_langs" time="51.298" /><testcase classname="backend.tests.backend_test.TestOfflineMode" name="test_offline_correction_overrides_offline" time="1.584" /><testcase classname="backend.tests.backend_test.TestOfflineMode" name="test_default_mode_uses_llm_not_offline" time="1.424" /><testcase classname="backend.tests.backend_test.TestClearHistory" name="test_clear_history" time="2.015" /></testsuite></testsuites>