<?xml version="1.0" encoding="utf-8"?><testsuites name="pytest tests"><testsuite name="pytest" errors="0" failures="0" skipped="0" tests="12" time="9.087" timestamp="2026-05-01T17:47:24.043745+00:00" hostname="agent-env-9bc86903-4770-474e-9b0e-a4852fc823bd"><testcase classname="backend.tests.backend_test.TestHealth" name="test_health" time="0.281" /><testcase classname="backend.tests.backend_test.TestTranslate" name="test_translate_single_language" time="0.597" /><testcase classname="backend.tests.backend_test.TestTranslate" name="test_translate_all_languages_default" time="3.947" /><testcase classname="backend.tests.backend_test.TestTranslate" name="test_translate_empty_text_returns_400" time="0.043" /><testcase classname="backend.tests.backend_test.TestTranslate" name="test_translate_missing_text_returns_422" time="0.045" /><testcase classname="backend.tests.backend_test.TestHistory" name="test_history_contains_recent" time="0.044" /><testcase classname="backend.tests.backend_test.TestFeedback" name="test_feedback_thumbs_up" time="0.087" /><testcase classname="backend.tests.backend_test.TestFeedback" name="test_feedback_negative_without_correction_returns_400" time="0.044" /><testcase classname="backend.tests.backend_test.TestFeedback" name="test_feedback_nonexistent_item_returns_404" time="0.052" /><testcase classname="backend.tests.backend_test.TestFeedback" name="test_feedback_v2_alias" time="1.192" /><testcase classname="backend.tests.backend_test.TestCorrectionsLearning" name="test_negative_feedback_saves_correction_and_reapplies" time="1.415" /><testcase classname="backend.tests.backend_test.TestClearHistory" name="test_clear_history" time="1.172" /></testsuite></testsuites>